# JRE version: OpenJDK Runtime Environment Temurin-21.0.10+7 (21.0.10+7) (build 21.0.10+7-LTS)
# Java VM: OpenJDK 64-Bit Server VM Temurin-21.0.10+7 (21.0.10+7-LTS, mixed mode, sharing, tiered, compressed oops, compressed class ptrs, parallel gc, windows-amd64)
GC Precious Log:
 CardTable entry size: 512
 CPUs: 8 total, 8 available
 Memory: 7975M
 Large Page Support: Disabled
 NUMA Support: Disabled
 Compressed Oops: Enabled (32-bit)
 Alignments: Space 512K, Generation 512K, Heap 2M
 Heap Min Capacity: 100M
 Heap Initial Capacity: 100M
 Heap Max Capacity: 2G
 Pre-touch: Disabled
 Parallel Workers: 8
Heap:
 PSYoungGen      total 5632K, used 1050K [0x00000000d5580000, 0x00000000d5e00000, 0x0000000100000000)
  eden space 5120K, 15% used [0x00000000d5580000,0x00000000d56469c8,0x00000000d5a80000)
  from space 512K, 50% used [0x00000000d5d80000,0x00000000d5dc0000,0x00000000d5e00000)
  to   space 1536K, 0% used [0x00000000d5b00000,0x00000000d5b00000,0x00000000d5c80000)
 ParOldGen       total 834560K, used 370111K [0x0000000080000000, 0x00000000b2f00000, 0x00000000d5580000)
  object space 834560K, 44% used [0x0000000080000000,0x000000009696fd78,0x00000000b2f00000)
 Metaspace       used 87244K, committed 89152K, reserved 1179648K
  class space    used 9370K, committed 10240K, reserved 1048576K
GC Heap History (20 events):
Event: 1709.939 GC heap before
{Heap before GC invocations=1011 (full 4):
 PSYoungGen      total 5120K, used 4863K [0x00000000d5580000, 0x00000000d5d00000, 0x0000000100000000)
  eden space 4608K, 99% used [0x00000000d5580000,0x00000000d59fffe8,0x00000000d5a00000)
  from space 512K, 50% used [0x00000000d5c80000,0x00000000d5cc0000,0x00000000d5d00000)
  to   space 1024K, 0% used [0x00000000d5b00000,0x00000000d5b00000,0x00000000d5c00000)
 ParOldGen       total 834560K, used 318816K [0x0000000080000000, 0x00000000b2f00000, 0x00000000d5580000)
  object space 834560K, 38% used [0x0000000080000000,0x00000000937580c0,0x00000000b2f00000)
 Metaspace       used 87204K, committed 89152K, reserved 1179648K
  class space    used 9370K, committed 10240K, reserved 1048576K
}
Event: 1709.941 GC heap after
{Heap after GC invocations=1011 (full 4):
 PSYoungGen      total 5632K, used 363K [0x00000000d5580000, 0x00000000d5d00000, 0x0000000100000000)
  eden space 4608K, 0% used [0x00000000d5580000,0x00000000d5580000,0x00000000d5a00000)
  from space 1024K, 35% used [0x00000000d5b00000,0x00000000d5b5ad38,0x00000000d5c00000)
  to   space 512K, 0% used [0x00000000d5c80000,0x00000000d5c80000,0x00000000d5d00000)
 ParOldGen       total 834560K, used 318928K [0x0000000080000000, 0x00000000b2f00000, 0x00000000d5580000)
  object space 834560K, 38% used [0x0000000080000000,0x00000000937740c0,0x00000000b2f00000)
 Metaspace       used 87204K, committed 89152K, reserved 1179648K
  class space    used 9370K, committed 10240K, reserved 1048576K
}
Event: 1709.986 GC heap before
{Heap before GC invocations=1012 (full 4):
 PSYoungGen      total 5632K, used 4971K [0x00000000d5580000, 0x00000000d5d00000, 0x0000000100000000)
  eden space 4608K, 100% used [0x00000000d5580000,0x00000000d5a00000,0x00000000d5a00000)
  from space 1024K, 35% used [0x00000000d5b00000,0x00000000d5b5ad38,0x00000000d5c00000)
  to   space 512K, 0% used [0x00000000d5c80000,0x00000000d5c80000,0x00000000d5d00000)
 ParOldGen       total 834560K, used 318928K [0x0000000080000000, 0x00000000b2f00000, 0x00000000d5580000)
  object space 834560K, 38% used [0x0000000080000000,0x00000000937740c0,0x00000000b2f00000)
 Metaspace       used 87210K, committed 89152K, reserved 1179648K
  class space    used 9370K, committed 10240K, reserved 1048576K
}
Event: 1709.992 GC heap after
{Heap after GC invocations=1012 (full 4):
 PSYoungGen      total 2560K, used 512K [0x00000000d5580000, 0x00000000d6400000, 0x0000000100000000)
  eden space 2048K, 0% used [0x00000000d5580000,0x00000000d5580000,0x00000000d5780000)
  from space 512K, 100% used [0x00000000d5c80000,0x00000000d5d00000,0x00000000d5d00000)
  to   space 5120K, 0% used [0x00000000d5780000,0x00000000d5780000,0x00000000d5c80000)
 ParOldGen       total 834560K, used 322539K [0x0000000080000000, 0x00000000b2f00000, 0x00000000d5580000)
  object space 834560K, 38% used [0x0000000080000000,0x0000000093afac78,0x00000000b2f00000)
 Metaspace       used 87210K, committed 89152K, reserved 1179648K
  class space    used 9370K, committed 10240K, reserved 1048576K
}
Event: 1709.996 GC heap before
{Heap before GC invocations=1013 (full 4):
 PSYoungGen      total 2560K, used 2560K [0x00000000d5580000, 0x00000000d6400000, 0x0000000100000000)
  eden space 2048K, 100% used [0x00000000d5580000,0x00000000d5780000,0x00000000d5780000)
  from space 512K, 100% used [0x00000000d5c80000,0x00000000d5d00000,0x00000000d5d00000)
  to   space 5120K, 0% used [0x00000000d5780000,0x00000000d5780000,0x00000000d5c80000)
 ParOldGen       total 834560K, used 322539K [0x0000000080000000, 0x00000000b2f00000, 0x00000000d5580000)
  object space 834560K, 38% used [0x0000000080000000,0x0000000093afac78,0x00000000b2f00000)
 Metaspace       used 87210K, committed 89152K, reserved 1179648K
  class space    used 9370K, committed 10240K, reserved 1048576K
}
Event: 1709.999 GC heap after
{Heap after GC invocations=1013 (full 4):
 PSYoungGen      total 4608K, used 2176K [0x00000000d5580000, 0x00000000d5d80000, 0x0000000100000000)
  eden space 2048K, 0% used [0x00000000d5580000,0x00000000d5580000,0x00000000d5780000)
  from space 2560K, 85% used [0x00000000d5780000,0x00000000d59a0000,0x00000000d5a00000)
  to   space 3072K, 0% used [0x00000000d5a80000,0x00000000d5a80000,0x00000000d5d80000)
 ParOldGen       total 834560K, used 323083K [0x0000000080000000, 0x00000000b2f00000, 0x00000000d5580000)
  object space 834560K, 38% used [0x0000000080000000,0x0000000093b82c88,0x00000000b2f00000)
 Metaspace       used 87210K, committed 89152K, reserved 1179648K
  class space    used 9370K, committed 10240K, reserved 1048576K
}
Event: 1710.004 GC heap before
{Heap before GC invocations=1014 (full 4):
 PSYoungGen      total 4608K, used 4224K [0x00000000d5580000, 0x00000000d5d80000, 0x0000000100000000)
  eden space 2048K, 100% used [0x00000000d5580000,0x00000000d5780000,0x00000000d5780000)
  from space 2560K, 85% used [0x00000000d5780000,0x00000000d59a0000,0x00000000d5a00000)
  to   space 3072K, 0% used [0x00000000d5a80000,0x00000000d5a80000,0x00000000d5d80000)
 ParOldGen       total 834560K, used 323083K [0x0000000080000000, 0x00000000b2f00000, 0x00000000d5580000)
  object space 834560K, 38% used [0x0000000080000000,0x0000000093b82c88,0x00000000b2f00000)
 Metaspace       used 87210K, committed 89152K, reserved 1179648K
  class space    used 9370K, committed 10240K, reserved 1048576K
}
Event: 1710.008 GC heap after
{Heap after GC invocations=1014 (full 4):
 PSYoungGen      total 5120K, used 2112K [0x00000000d5580000, 0x00000000d5d00000, 0x0000000100000000)
  eden space 2560K, 0% used [0x00000000d5580000,0x00000000d5580000,0x00000000d5800000)
  from space 2560K, 82% used [0x00000000d5a80000,0x00000000d5c90000,0x00000000d5d00000)
  to   space 2560K, 0% used [0x00000000d5800000,0x00000000d5800000,0x00000000d5a80000)
 ParOldGen       total 834560K, used 325131K [0x0000000080000000, 0x00000000b2f00000, 0x00000000d5580000)
  object space 834560K, 38% used [0x0000000080000000,0x0000000093d82c88,0x00000000b2f00000)
 Metaspace       used 87210K, committed 89152K, reserved 1179648K
  class space    used 9370K, committed 10240K, reserved 1048576K
}
Event: 1710.015 GC heap before
{Heap before GC invocations=1015 (full 4):
 PSYoungGen      total 5120K, used 4672K [0x00000000d5580000, 0x00000000d5d00000, 0x0000000100000000)
  eden space 2560K, 100% used [0x00000000d5580000,0x00000000d5800000,0x00000000d5800000)
  from space 2560K, 82% used [0x00000000d5a80000,0x00000000d5c90000,0x00000000d5d00000)
  to   space 2560K, 0% used [0x00000000d5800000,0x00000000d5800000,0x00000000d5a80000)
 ParOldGen       total 834560K, used 325131K [0x0000000080000000, 0x00000000b2f00000, 0x00000000d5580000)
  object space 834560K, 38% used [0x0000000080000000,0x0000000093d82c88,0x00000000b2f00000)
 Metaspace       used 87210K, committed 89152K, reserved 1179648K
  class space    used 9370K, committed 10240K, reserved 1048576K
}
Event: 1710.020 GC heap after
{Heap after GC invocations=1015 (full 4):
 PSYoungGen      total 5120K, used 2504K [0x00000000d5580000, 0x00000000d5e80000, 0x0000000100000000)
  eden space 2560K, 0% used [0x00000000d5580000,0x00000000d5580000,0x00000000d5800000)
  from space 2560K, 97% used [0x00000000d5800000,0x00000000d5a72000,0x00000000d5a80000)
  to   space 3072K, 0% used [0x00000000d5b80000,0x00000000d5b80000,0x00000000d5e80000)
 ParOldGen       total 834560K, used 327195K [0x0000000080000000, 0x00000000b2f00000, 0x00000000d5580000)
  object space 834560K, 39% used [0x0000000080000000,0x0000000093f86c88,0x00000000b2f00000)
 Metaspace       used 87210K, committed 89152K, reserved 1179648K
  class space    used 9370K, committed 10240K, reserved 1048576K
}
Event: 1710.037 GC heap before
{Heap before GC invocations=1016 (full 4):
 PSYoungGen      total 5120K, used 4450K [0x00000000d5580000, 0x00000000d5e80000, 0x0000000100000000)
  eden space 2560K, 76% used [0x00000000d5580000,0x00000000d5766928,0x00000000d5800000)
  from space 2560K, 97% used [0x00000000d5800000,0x00000000d5a72000,0x00000000d5a80000)
  to   space 3072K, 0% used [0x00000000d5b80000,0x00000000d5b80000,0x00000000d5e80000)
 ParOldGen       total 834560K, used 327195K [0x0000000080000000, 0x00000000b2f00000, 0x00000000d5580000)
  object space 834560K, 39% used [0x0000000080000000,0x0000000093f86c88,0x00000000b2f00000)
 Metaspace       used 87210K, committed 89152K, reserved 1179648K
  class space    used 9370K, committed 10240K, reserved 1048576K
}
Event: 1710.041 GC heap after
{Heap after GC invocations=1016 (full 4):
 PSYoungGen      total 5120K, used 1696K [0x00000000d5580000, 0x00000000d5d80000, 0x0000000100000000)
  eden space 3072K, 0% used [0x00000000d5580000,0x00000000d5580000,0x00000000d5880000)
  from space 2048K, 82% used [0x00000000d5b80000,0x00000000d5d28000,0x00000000d5d80000)
  to   space 2048K, 0% used [0x00000000d5980000,0x00000000d5980000,0x00000000d5b80000)
 ParOldGen       total 834560K, used 329443K [0x0000000080000000, 0x00000000b2f00000, 0x00000000d5580000)
  object space 834560K, 39% used [0x0000000080000000,0x00000000941b8c88,0x00000000b2f00000)
 Metaspace       used 87210K, committed 89152K, reserved 1179648K
  class space    used 9370K, committed 10240K, reserved 1048576K
}
Event: 1710.073 GC heap before
{Heap before GC invocations=1017 (full 4):
 PSYoungGen      total 5120K, used 4768K [0x00000000d5580000, 0x00000000d5d80000, 0x0000000100000000)
  eden space 3072K, 100% used [0x00000000d5580000,0x00000000d5880000,0x00000000d5880000)
  from space 2048K, 82% used [0x00000000d5b80000,0x00000000d5d28000,0x00000000d5d80000)
  to   space 2048K, 0% used [0x00000000d5980000,0x00000000d5980000,0x00000000d5b80000)
 ParOldGen       total 834560K, used 329443K [0x0000000080000000, 0x00000000b2f00000, 0x00000000d5580000)
  object space 834560K, 39% used [0x0000000080000000,0x00000000941b8c88,0x00000000b2f00000)
 Metaspace       used 87210K, committed 89152K, reserved 1179648K
  class space    used 9370K, committed 10240K, reserved 1048576K
}
Event: 1710.078 GC heap after
{Heap after GC invocations=1017 (full 4):
 PSYoungGen      total 6144K, used 2038K [0x00000000d5580000, 0x00000000d6280000, 0x0000000100000000)
  eden space 4096K, 0% used [0x00000000d5580000,0x00000000d5580000,0x00000000d5980000)
  from space 2048K, 99% used [0x00000000d5980000,0x00000000d5b7d860,0x00000000d5b80000)
  to   space 4608K, 0% used [0x00000000d5e00000,0x00000000d5e00000,0x00000000d6280000)
 ParOldGen       total 834560K, used 331393K [0x0000000080000000, 0x00000000b2f00000, 0x00000000d5580000)
  object space 834560K, 39% used [0x0000000080000000,0x00000000943a04e8,0x00000000b2f00000)
 Metaspace       used 87210K, committed 89152K, reserved 1179648K
  class space    used 9370K, committed 10240K, reserved 1048576K
}
Event: 1710.083 GC heap before
{Heap before GC invocations=1018 (full 4):
 PSYoungGen      total 6144K, used 6134K [0x00000000d5580000, 0x00000000d6280000, 0x0000000100000000)
  eden space 4096K, 100% used [0x00000000d5580000,0x00000000d5980000,0x00000000d5980000)
  from space 2048K, 99% used [0x00000000d5980000,0x00000000d5b7d860,0x00000000d5b80000)
  to   space 4608K, 0% used [0x00000000d5e00000,0x00000000d5e00000,0x00000000d6280000)
 ParOldGen       total 834560K, used 331393K [0x0000000080000000, 0x00000000b2f00000, 0x00000000d5580000)
  object space 834560K, 39% used [0x0000000080000000,0x00000000943a04e8,0x00000000b2f00000)
 Metaspace       used 87210K, committed 89152K, reserved 1179648K
  class space    used 9370K, committed 10240K, reserved 1048576K
}
Event: 1710.088 GC heap after
{Heap after GC invocations=1018 (full 4):
 PSYoungGen      total 8704K, used 4224K [0x00000000d5580000, 0x00000000d6380000, 0x0000000100000000)
  eden space 4096K, 0% used [0x00000000d5580000,0x00000000d5580000,0x00000000d5980000)
  from space 4608K, 91% used [0x00000000d5e00000,0x00000000d6220000,0x00000000d6280000)
  to   space 4608K, 0% used [0x00000000d5980000,0x00000000d5980000,0x00000000d5e00000)
 ParOldGen       total 834560K, used 333479K [0x0000000080000000, 0x00000000b2f00000, 0x00000000d5580000)
  object space 834560K, 39% used [0x0000000080000000,0x00000000945a9d48,0x00000000b2f00000)
 Metaspace       used 87210K, committed 89152K, reserved 1179648K
  class space    used 9370K, committed 10240K, reserved 1048576K
}
Event: 1710.122 GC heap before
{Heap before GC invocations=1019 (full 4):
 PSYoungGen      total 8704K, used 8166K [0x00000000d5580000, 0x00000000d6380000, 0x0000000100000000)
  eden space 4096K, 96% used [0x00000000d5580000,0x00000000d5959890,0x00000000d5980000)
  from space 4608K, 91% used [0x00000000d5e00000,0x00000000d6220000,0x00000000d6280000)
  to   space 4608K, 0% used [0x00000000d5980000,0x00000000d5980000,0x00000000d5e00000)
 ParOldGen       total 834560K, used 333479K [0x0000000080000000, 0x00000000b2f00000, 0x00000000d5580000)
  object space 834560K, 39% used [0x0000000080000000,0x00000000945a9d48,0x00000000b2f00000)
 Metaspace       used 87215K, committed 89152K, reserved 1179648K
  class space    used 9370K, committed 10240K, reserved 1048576K
}
Event: 1710.129 GC heap after
{Heap after GC invocations=1019 (full 4):
 PSYoungGen      total 6656K, used 2353K [0x00000000d5580000, 0x00000000d6080000, 0x0000000100000000)
  eden space 4096K, 0% used [0x00000000d5580000,0x00000000d5580000,0x00000000d5980000)
  from space 2560K, 91% used [0x00000000d5980000,0x00000000d5bcc7d0,0x00000000d5c00000)
  to   space 3072K, 0% used [0x00000000d5d80000,0x00000000d5d80000,0x00000000d6080000)
 ParOldGen       total 834560K, used 337615K [0x0000000080000000, 0x00000000b2f00000, 0x00000000d5580000)
  object space 834560K, 40% used [0x0000000080000000,0x00000000949b3d48,0x00000000b2f00000)
 Metaspace       used 87215K, committed 89152K, reserved 1179648K
  class space    used 9370K, committed 10240K, reserved 1048576K
}
Event: 1710.225 GC heap before
{Heap before GC invocations=1020 (full 4):
 PSYoungGen      total 6656K, used 6449K [0x00000000d5580000, 0x00000000d6080000, 0x0000000100000000)
  eden space 4096K, 100% used [0x00000000d5580000,0x00000000d5980000,0x00000000d5980000)
  from space 2560K, 91% used [0x00000000d5980000,0x00000000d5bcc7d0,0x00000000d5c00000)
  to   space 3072K, 0% used [0x00000000d5d80000,0x00000000d5d80000,0x00000000d6080000)
 ParOldGen       total 834560K, used 368335K [0x0000000080000000, 0x00000000b2f00000, 0x00000000d5580000)
  object space 834560K, 44% used [0x0000000080000000,0x00000000967b3d78,0x00000000b2f00000)
 Metaspace       used 87221K, committed 89152K, reserved 1179648K
  class space    used 9370K, committed 10240K, reserved 1048576K
}
Event: 1710.229 GC heap after
{Heap after GC invocations=1020 (full 4):
 PSYoungGen      total 5632K, used 256K [0x00000000d5580000, 0x00000000d5e00000, 0x0000000100000000)
  eden space 5120K, 0% used [0x00000000d5580000,0x00000000d5580000,0x00000000d5a80000)
  from space 512K, 50% used [0x00000000d5d80000,0x00000000d5dc0000,0x00000000d5e00000)
  to   space 1536K, 0% used [0x00000000d5b00000,0x00000000d5b00000,0x00000000d5c80000)
 ParOldGen       total 834560K, used 370111K [0x0000000080000000, 0x00000000b2f00000, 0x00000000d5580000)
  object space 834560K, 44% used [0x0000000080000000,0x000000009696fd78,0x00000000b2f00000)
 Metaspace       used 87221K, committed 89152K, reserved 1179648K
  class space    used 9370K, committed 10240K, reserved 1048576K
}

