# JRE version: OpenJDK Runtime Environment Temurin-21.0.10+7 (21.0.10+7) (build 21.0.10+7-LTS)
# Java VM: OpenJDK 64-Bit Server VM Temurin-21.0.10+7 (21.0.10+7-LTS, mixed mode, sharing, tiered, compressed oops, compressed class ptrs, parallel gc, windows-amd64)
GC Precious Log:
 CardTable entry size: 512
 CPUs: 8 total, 8 available
 Memory: 7975M
 Large Page Support: Disabled
 NUMA Support: Disabled
 Compressed Oops: Enabled (32-bit)
 Alignments: Space 512K, Generation 512K, Heap 2M
 Heap Min Capacity: 100M
 Heap Initial Capacity: 100M
 Heap Max Capacity: 2G
 Pre-touch: Disabled
 Parallel Workers: 8
Heap:
 PSYoungGen      total 4608K, used 2671K [0x00000000d5580000, 0x00000000d5e00000, 0x0000000100000000)
  eden space 3584K, 46% used [0x00000000d5580000,0x00000000d5721e70,0x00000000d5900000)
  from space 1024K, 97% used [0x00000000d5d00000,0x00000000d5df9eb0,0x00000000d5e00000)
  to   space 2048K, 0% used [0x00000000d5a00000,0x00000000d5a00000,0x00000000d5c00000)
 ParOldGen       total 71168K, used 70832K [0x0000000080000000, 0x0000000084580000, 0x00000000d5580000)
  object space 71168K, 99% used [0x0000000080000000,0x000000008452c308,0x0000000084580000)
 Metaspace       used 66273K, committed 67840K, reserved 1114112K
  class space    used 7078K, committed 7744K, reserved 1048576K
GC Heap History (20 events):
Event: 17.030 GC heap before
{Heap before GC invocations=113 (full 3):
 PSYoungGen      total 9728K, used 9703K [0x00000000d5580000, 0x00000000d6280000, 0x0000000100000000)
  eden space 8192K, 100% used [0x00000000d5580000,0x00000000d5d80000,0x00000000d5d80000)
  from space 1536K, 98% used [0x00000000d5e80000,0x00000000d5ff9d58,0x00000000d6000000)
  to   space 2560K, 0% used [0x00000000d6000000,0x00000000d6000000,0x00000000d6280000)
 ParOldGen       total 68608K, used 64293K [0x0000000080000000, 0x0000000084300000, 0x00000000d5580000)
  object space 68608K, 93% used [0x0000000080000000,0x0000000083ec96e8,0x0000000084300000)
 Metaspace       used 63018K, committed 64576K, reserved 1114112K
  class space    used 6757K, committed 7424K, reserved 1048576K
}
Event: 17.032 GC heap after
{Heap after GC invocations=113 (full 3):
 PSYoungGen      total 9216K, used 710K [0x00000000d5580000, 0x00000000d6100000, 0x0000000100000000)
  eden space 8192K, 0% used [0x00000000d5580000,0x00000000d5580000,0x00000000d5d80000)
  from space 1024K, 69% used [0x00000000d6000000,0x00000000d60b1b48,0x00000000d6100000)
  to   space 1536K, 0% used [0x00000000d5e00000,0x00000000d5e00000,0x00000000d5f80000)
 ParOldGen       total 68608K, used 65333K [0x0000000080000000, 0x0000000084300000, 0x00000000d5580000)
  object space 68608K, 95% used [0x0000000080000000,0x0000000083fcd570,0x0000000084300000)
 Metaspace       used 63018K, committed 64576K, reserved 1114112K
  class space    used 6757K, committed 7424K, reserved 1048576K
}
Event: 17.059 GC heap before
{Heap before GC invocations=114 (full 3):
 PSYoungGen      total 9216K, used 8902K [0x00000000d5580000, 0x00000000d6100000, 0x0000000100000000)
  eden space 8192K, 100% used [0x00000000d5580000,0x00000000d5d80000,0x00000000d5d80000)
  from space 1024K, 69% used [0x00000000d6000000,0x00000000d60b1b48,0x00000000d6100000)
  to   space 1536K, 0% used [0x00000000d5e00000,0x00000000d5e00000,0x00000000d5f80000)
 ParOldGen       total 68608K, used 65333K [0x0000000080000000, 0x0000000084300000, 0x00000000d5580000)
  object space 68608K, 95% used [0x0000000080000000,0x0000000083fcd570,0x0000000084300000)
 Metaspace       used 63027K, committed 64576K, reserved 1114112K
  class space    used 6757K, committed 7424K, reserved 1048576K
}
Event: 17.060 GC heap after
{Heap after GC invocations=114 (full 3):
 PSYoungGen      total 9216K, used 969K [0x00000000d5580000, 0x00000000d6080000, 0x0000000100000000)
  eden space 8192K, 0% used [0x00000000d5580000,0x00000000d5580000,0x00000000d5d80000)
  from space 1024K, 94% used [0x00000000d5e00000,0x00000000d5ef26c0,0x00000000d5f00000)
  to   space 1536K, 0% used [0x00000000d5f00000,0x00000000d5f00000,0x00000000d6080000)
 ParOldGen       total 68608K, used 65357K [0x0000000080000000, 0x0000000084300000, 0x00000000d5580000)
  object space 68608K, 95% used [0x0000000080000000,0x0000000083fd3570,0x0000000084300000)
 Metaspace       used 63027K, committed 64576K, reserved 1114112K
  class space    used 6757K, committed 7424K, reserved 1048576K
}
Event: 17.070 GC heap before
{Heap before GC invocations=115 (full 3):
 PSYoungGen      total 9216K, used 9125K [0x00000000d5580000, 0x00000000d6080000, 0x0000000100000000)
  eden space 8192K, 99% used [0x00000000d5580000,0x00000000d5d770d8,0x00000000d5d80000)
  from space 1024K, 94% used [0x00000000d5e00000,0x00000000d5ef26c0,0x00000000d5f00000)
  to   space 1536K, 0% used [0x00000000d5f00000,0x00000000d5f00000,0x00000000d6080000)
 ParOldGen       total 68608K, used 65357K [0x0000000080000000, 0x0000000084300000, 0x00000000d5580000)
  object space 68608K, 95% used [0x0000000080000000,0x0000000083fd3570,0x0000000084300000)
 Metaspace       used 63029K, committed 64576K, reserved 1114112K
  class space    used 6757K, committed 7424K, reserved 1048576K
}
Event: 17.071 GC heap after
{Heap after GC invocations=115 (full 3):
 PSYoungGen      total 9216K, used 918K [0x00000000d5580000, 0x00000000d6000000, 0x0000000100000000)
  eden space 8192K, 0% used [0x00000000d5580000,0x00000000d5580000,0x00000000d5d80000)
  from space 1024K, 89% used [0x00000000d5f00000,0x00000000d5fe5a08,0x00000000d6000000)
  to   space 1024K, 0% used [0x00000000d5e00000,0x00000000d5e00000,0x00000000d5f00000)
 ParOldGen       total 68608K, used 65381K [0x0000000080000000, 0x0000000084300000, 0x00000000d5580000)
  object space 68608K, 95% used [0x0000000080000000,0x0000000083fd9570,0x0000000084300000)
 Metaspace       used 63029K, committed 64576K, reserved 1114112K
  class space    used 6757K, committed 7424K, reserved 1048576K
}
Event: 17.092 GC heap before
{Heap before GC invocations=116 (full 3):
 PSYoungGen      total 9216K, used 9110K [0x00000000d5580000, 0x00000000d6000000, 0x0000000100000000)
  eden space 8192K, 100% used [0x00000000d5580000,0x00000000d5d80000,0x00000000d5d80000)
  from space 1024K, 89% used [0x00000000d5f00000,0x00000000d5fe5a08,0x00000000d6000000)
  to   space 1024K, 0% used [0x00000000d5e00000,0x00000000d5e00000,0x00000000d5f00000)
 ParOldGen       total 68608K, used 65381K [0x0000000080000000, 0x0000000084300000, 0x00000000d5580000)
  object space 68608K, 95% used [0x0000000080000000,0x0000000083fd9570,0x0000000084300000)
 Metaspace       used 63298K, committed 64832K, reserved 1114112K
  class space    used 6773K, committed 7424K, reserved 1048576K
}
Event: 17.093 GC heap after
{Heap after GC invocations=116 (full 3):
 PSYoungGen      total 9216K, used 160K [0x00000000d5580000, 0x00000000d5f80000, 0x0000000100000000)
  eden space 8192K, 0% used [0x00000000d5580000,0x00000000d5580000,0x00000000d5d80000)
  from space 1024K, 15% used [0x00000000d5e00000,0x00000000d5e28000,0x00000000d5f00000)
  to   space 512K, 0% used [0x00000000d5f00000,0x00000000d5f00000,0x00000000d5f80000)
 ParOldGen       total 68608K, used 65381K [0x0000000080000000, 0x0000000084300000, 0x00000000d5580000)
  object space 68608K, 95% used [0x0000000080000000,0x0000000083fd9570,0x0000000084300000)
 Metaspace       used 63298K, committed 64832K, reserved 1114112K
  class space    used 6773K, committed 7424K, reserved 1048576K
}
Event: 17.166 GC heap before
{Heap before GC invocations=117 (full 3):
 PSYoungGen      total 9216K, used 8352K [0x00000000d5580000, 0x00000000d5f80000, 0x0000000100000000)
  eden space 8192K, 100% used [0x00000000d5580000,0x00000000d5d80000,0x00000000d5d80000)
  from space 1024K, 15% used [0x00000000d5e00000,0x00000000d5e28000,0x00000000d5f00000)
  to   space 512K, 0% used [0x00000000d5f00000,0x00000000d5f00000,0x00000000d5f80000)
 ParOldGen       total 68608K, used 65381K [0x0000000080000000, 0x0000000084300000, 0x00000000d5580000)
  object space 68608K, 95% used [0x0000000080000000,0x0000000083fd9570,0x0000000084300000)
 Metaspace       used 64484K, committed 66048K, reserved 1114112K
  class space    used 6890K, committed 7552K, reserved 1048576K
}
Event: 17.167 GC heap after
{Heap after GC invocations=117 (full 3):
 PSYoungGen      total 8704K, used 256K [0x00000000d5580000, 0x00000000d5f80000, 0x0000000100000000)
  eden space 8192K, 0% used [0x00000000d5580000,0x00000000d5580000,0x00000000d5d80000)
  from space 512K, 50% used [0x00000000d5f00000,0x00000000d5f40000,0x00000000d5f80000)
  to   space 512K, 0% used [0x00000000d5e80000,0x00000000d5e80000,0x00000000d5f00000)
 ParOldGen       total 68608K, used 65413K [0x0000000080000000, 0x0000000084300000, 0x00000000d5580000)
  object space 68608K, 95% used [0x0000000080000000,0x0000000083fe1570,0x0000000084300000)
 Metaspace       used 64484K, committed 66048K, reserved 1114112K
  class space    used 6890K, committed 7552K, reserved 1048576K
}
Event: 31.236 GC heap before
{Heap before GC invocations=118 (full 3):
 PSYoungGen      total 8704K, used 8448K [0x00000000d5580000, 0x00000000d5f80000, 0x0000000100000000)
  eden space 8192K, 100% used [0x00000000d5580000,0x00000000d5d80000,0x00000000d5d80000)
  from space 512K, 50% used [0x00000000d5f00000,0x00000000d5f40000,0x00000000d5f80000)
  to   space 512K, 0% used [0x00000000d5e80000,0x00000000d5e80000,0x00000000d5f00000)
 ParOldGen       total 68608K, used 65413K [0x0000000080000000, 0x0000000084300000, 0x00000000d5580000)
  object space 68608K, 95% used [0x0000000080000000,0x0000000083fe1570,0x0000000084300000)
 Metaspace       used 65045K, committed 66560K, reserved 1114112K
  class space    used 6939K, committed 7552K, reserved 1048576K
}
Event: 31.238 GC heap after
{Heap after GC invocations=118 (full 3):
 PSYoungGen      total 8704K, used 500K [0x00000000d5580000, 0x00000000d5f80000, 0x0000000100000000)
  eden space 8192K, 0% used [0x00000000d5580000,0x00000000d5580000,0x00000000d5d80000)
  from space 512K, 97% used [0x00000000d5e80000,0x00000000d5efd200,0x00000000d5f00000)
  to   space 512K, 0% used [0x00000000d5f00000,0x00000000d5f00000,0x00000000d5f80000)
 ParOldGen       total 68608K, used 65541K [0x0000000080000000, 0x0000000084300000, 0x00000000d5580000)
  object space 68608K, 95% used [0x0000000080000000,0x0000000084001570,0x0000000084300000)
 Metaspace       used 65045K, committed 66560K, reserved 1114112K
  class space    used 6939K, committed 7552K, reserved 1048576K
}
Event: 31.334 GC heap before
{Heap before GC invocations=119 (full 3):
 PSYoungGen      total 8704K, used 8692K [0x00000000d5580000, 0x00000000d5f80000, 0x0000000100000000)
  eden space 8192K, 100% used [0x00000000d5580000,0x00000000d5d80000,0x00000000d5d80000)
  from space 512K, 97% used [0x00000000d5e80000,0x00000000d5efd200,0x00000000d5f00000)
  to   space 512K, 0% used [0x00000000d5f00000,0x00000000d5f00000,0x00000000d5f80000)
 ParOldGen       total 68608K, used 65541K [0x0000000080000000, 0x0000000084300000, 0x00000000d5580000)
  object space 68608K, 95% used [0x0000000080000000,0x0000000084001570,0x0000000084300000)
 Metaspace       used 65174K, committed 66752K, reserved 1114112K
  class space    used 6968K, committed 7616K, reserved 1048576K
}
Event: 31.338 GC heap after
{Heap after GC invocations=119 (full 3):
 PSYoungGen      total 4096K, used 500K [0x00000000d5580000, 0x00000000d6980000, 0x0000000100000000)
  eden space 3584K, 0% used [0x00000000d5580000,0x00000000d5580000,0x00000000d5900000)
  from space 512K, 97% used [0x00000000d5f00000,0x00000000d5f7d160,0x00000000d5f80000)
  to   space 6144K, 0% used [0x00000000d5900000,0x00000000d5900000,0x00000000d5f00000)
 ParOldGen       total 70144K, used 69977K [0x0000000080000000, 0x0000000084480000, 0x00000000d5580000)
  object space 70144K, 99% used [0x0000000080000000,0x00000000844564d8,0x0000000084480000)
 Metaspace       used 65174K, committed 66752K, reserved 1114112K
  class space    used 6968K, committed 7616K, reserved 1048576K
}
Event: 663.971 GC heap before
{Heap before GC invocations=120 (full 3):
 PSYoungGen      total 4096K, used 4081K [0x00000000d5580000, 0x00000000d6980000, 0x0000000100000000)
  eden space 3584K, 99% used [0x00000000d5580000,0x00000000d58ff460,0x00000000d5900000)
  from space 512K, 97% used [0x00000000d5f00000,0x00000000d5f7d160,0x00000000d5f80000)
  to   space 6144K, 0% used [0x00000000d5900000,0x00000000d5900000,0x00000000d5f00000)
 ParOldGen       total 70144K, used 69977K [0x0000000080000000, 0x0000000084480000, 0x00000000d5580000)
  object space 70144K, 99% used [0x0000000080000000,0x00000000844564d8,0x0000000084480000)
 Metaspace       used 65583K, committed 67136K, reserved 1114112K
  class space    used 7010K, committed 7680K, reserved 1048576K
}
Event: 663.981 GC heap after
{Heap after GC invocations=120 (full 3):
 PSYoungGen      total 4096K, used 355K [0x00000000d5580000, 0x00000000d5f80000, 0x0000000100000000)
  eden space 3584K, 0% used [0x00000000d5580000,0x00000000d5580000,0x00000000d5900000)
  from space 512K, 69% used [0x00000000d5900000,0x00000000d5958f78,0x00000000d5980000)
  to   space 2048K, 0% used [0x00000000d5d80000,0x00000000d5d80000,0x00000000d5f80000)
 ParOldGen       total 70144K, used 70041K [0x0000000080000000, 0x0000000084480000, 0x00000000d5580000)
  object space 70144K, 99% used [0x0000000080000000,0x00000000844664d8,0x0000000084480000)
 Metaspace       used 65583K, committed 67136K, reserved 1114112K
  class space    used 7010K, committed 7680K, reserved 1048576K
}
Event: 664.051 GC heap before
{Heap before GC invocations=121 (full 3):
 PSYoungGen      total 4096K, used 3939K [0x00000000d5580000, 0x00000000d5f80000, 0x0000000100000000)
  eden space 3584K, 100% used [0x00000000d5580000,0x00000000d5900000,0x00000000d5900000)
  from space 512K, 69% used [0x00000000d5900000,0x00000000d5958f78,0x00000000d5980000)
  to   space 2048K, 0% used [0x00000000d5d80000,0x00000000d5d80000,0x00000000d5f80000)
 ParOldGen       total 70144K, used 70041K [0x0000000080000000, 0x0000000084480000, 0x00000000d5580000)
  object space 70144K, 99% used [0x0000000080000000,0x00000000844664d8,0x0000000084480000)
 Metaspace       used 66069K, committed 67584K, reserved 1114112K
  class space    used 7055K, committed 7680K, reserved 1048576K
}
Event: 664.053 GC heap after
{Heap after GC invocations=121 (full 3):
 PSYoungGen      total 4096K, used 224K [0x00000000d5580000, 0x00000000d5e00000, 0x0000000100000000)
  eden space 3584K, 0% used [0x00000000d5580000,0x00000000d5580000,0x00000000d5900000)
  from space 512K, 43% used [0x00000000d5d80000,0x00000000d5db8000,0x00000000d5e00000)
  to   space 1024K, 0% used [0x00000000d5c00000,0x00000000d5c00000,0x00000000d5d00000)
 ParOldGen       total 70656K, used 70209K [0x0000000080000000, 0x0000000084500000, 0x00000000d5580000)
  object space 70656K, 99% used [0x0000000080000000,0x00000000844904d8,0x0000000084500000)
 Metaspace       used 66069K, committed 67584K, reserved 1114112K
  class space    used 7055K, committed 7680K, reserved 1048576K
}
Event: 664.124 GC heap before
{Heap before GC invocations=122 (full 3):
 PSYoungGen      total 4096K, used 3808K [0x00000000d5580000, 0x00000000d5e00000, 0x0000000100000000)
  eden space 3584K, 100% used [0x00000000d5580000,0x00000000d5900000,0x00000000d5900000)
  from space 512K, 43% used [0x00000000d5d80000,0x00000000d5db8000,0x00000000d5e00000)
  to   space 1024K, 0% used [0x00000000d5c00000,0x00000000d5c00000,0x00000000d5d00000)
 ParOldGen       total 70656K, used 70209K [0x0000000080000000, 0x0000000084500000, 0x00000000d5580000)
  object space 70656K, 99% used [0x0000000080000000,0x00000000844904d8,0x0000000084500000)
 Metaspace       used 66156K, committed 67712K, reserved 1114112K
  class space    used 7071K, committed 7744K, reserved 1048576K
}
Event: 664.125 GC heap after
{Heap after GC invocations=122 (full 3):
 PSYoungGen      total 4608K, used 736K [0x00000000d5580000, 0x00000000d5e00000, 0x0000000100000000)
  eden space 3584K, 0% used [0x00000000d5580000,0x00000000d5580000,0x00000000d5900000)
  from space 1024K, 71% used [0x00000000d5c00000,0x00000000d5cb80c0,0x00000000d5d00000)
  to   space 1024K, 0% used [0x00000000d5d00000,0x00000000d5d00000,0x00000000d5e00000)
 ParOldGen       total 70656K, used 70313K [0x0000000080000000, 0x0000000084500000, 0x00000000d5580000)
  object space 70656K, 99% used [0x0000000080000000,0x00000000844aa4d8,0x0000000084500000)
 Metaspace       used 66156K, committed 67712K, reserved 1114112K
  class space    used 7071K, committed 7744K, reserved 1048576K
}

