# JRE version: OpenJDK Runtime Environment Temurin-21.0.10+7 (21.0.10+7) (build 21.0.10+7-LTS)
# Java VM: OpenJDK 64-Bit Server VM Temurin-21.0.10+7 (21.0.10+7-LTS, mixed mode, sharing, tiered, compressed oops, compressed class ptrs, parallel gc, windows-amd64)
GC Precious Log:
 CardTable entry size: 512
 CPUs: 8 total, 8 available
 Memory: 7975M
 Large Page Support: Disabled
 NUMA Support: Disabled
 Compressed Oops: Enabled (32-bit)
 Alignments: Space 512K, Generation 512K, Heap 2M
 Heap Min Capacity: 100M
 Heap Initial Capacity: 100M
 Heap Max Capacity: 2G
 Pre-touch: Disabled
 Parallel Workers: 8
Heap:
 PSYoungGen      total 15360K, used 11908K [0x00000000d5580000, 0x00000000d6600000, 0x0000000100000000)
  eden space 14336K, 78% used [0x00000000d5580000,0x00000000d607bee0,0x00000000d6380000)
  from space 1024K, 64% used [0x00000000d6500000,0x00000000d65a5220,0x00000000d6600000)
  to   space 1024K, 0% used [0x00000000d6400000,0x00000000d6400000,0x00000000d6500000)
 ParOldGen       total 79872K, used 64013K [0x0000000080000000, 0x0000000084e00000, 0x00000000d5580000)
  object space 79872K, 80% used [0x0000000080000000,0x0000000083e83508,0x0000000084e00000)
 Metaspace       used 59184K, committed 60672K, reserved 1114112K
  class space    used 6359K, committed 7040K, reserved 1048576K
GC Heap History (20 events):
Event: 17.105 GC heap before
{Heap before GC invocations=66 (full 2):
 PSYoungGen      total 15360K, used 15168K [0x00000000d5580000, 0x00000000d6600000, 0x0000000100000000)
  eden space 14336K, 100% used [0x00000000d5580000,0x00000000d6380000,0x00000000d6380000)
  from space 1024K, 81% used [0x00000000d6400000,0x00000000d64d0000,0x00000000d6500000)
  to   space 1024K, 0% used [0x00000000d6500000,0x00000000d6500000,0x00000000d6600000)
 ParOldGen       total 75776K, used 75368K [0x0000000080000000, 0x0000000084a00000, 0x00000000d5580000)
  object space 75776K, 99% used [0x0000000080000000,0x000000008499a148,0x0000000084a00000)
 Metaspace       used 53586K, committed 55104K, reserved 1114112K
  class space    used 5726K, committed 6336K, reserved 1048576K
}
Event: 17.107 GC heap after
{Heap after GC invocations=66 (full 2):
 PSYoungGen      total 15360K, used 1024K [0x00000000d5580000, 0x00000000d6680000, 0x0000000100000000)
  eden space 14336K, 0% used [0x00000000d5580000,0x00000000d5580000,0x00000000d6380000)
  from space 1024K, 100% used [0x00000000d6500000,0x00000000d6600000,0x00000000d6600000)
  to   space 1536K, 0% used [0x00000000d6380000,0x00000000d6380000,0x00000000d6500000)
 ParOldGen       total 75776K, used 75720K [0x0000000080000000, 0x0000000084a00000, 0x00000000d5580000)
  object space 75776K, 99% used [0x0000000080000000,0x00000000849f2148,0x0000000084a00000)
 Metaspace       used 53586K, committed 55104K, reserved 1114112K
  class space    used 5726K, committed 6336K, reserved 1048576K
}
Event: 17.159 GC heap before
{Heap before GC invocations=67 (full 2):
 PSYoungGen      total 15360K, used 15360K [0x00000000d5580000, 0x00000000d6680000, 0x0000000100000000)
  eden space 14336K, 100% used [0x00000000d5580000,0x00000000d6380000,0x00000000d6380000)
  from space 1024K, 100% used [0x00000000d6500000,0x00000000d6600000,0x00000000d6600000)
  to   space 1536K, 0% used [0x00000000d6380000,0x00000000d6380000,0x00000000d6500000)
 ParOldGen       total 75776K, used 75720K [0x0000000080000000, 0x0000000084a00000, 0x00000000d5580000)
  object space 75776K, 99% used [0x0000000080000000,0x00000000849f2148,0x0000000084a00000)
 Metaspace       used 53654K, committed 55168K, reserved 1114112K
  class space    used 5728K, committed 6336K, reserved 1048576K
}
Event: 17.162 GC heap after
{Heap after GC invocations=67 (full 2):
 PSYoungGen      total 15872K, used 960K [0x00000000d5580000, 0x00000000d6680000, 0x0000000100000000)
  eden space 14336K, 0% used [0x00000000d5580000,0x00000000d5580000,0x00000000d6380000)
  from space 1536K, 62% used [0x00000000d6380000,0x00000000d6470000,0x00000000d6500000)
  to   space 1536K, 0% used [0x00000000d6500000,0x00000000d6500000,0x00000000d6680000)
 ParOldGen       total 76800K, used 76592K [0x0000000080000000, 0x0000000084b00000, 0x00000000d5580000)
  object space 76800K, 99% used [0x0000000080000000,0x0000000084acc148,0x0000000084b00000)
 Metaspace       used 53654K, committed 55168K, reserved 1114112K
  class space    used 5728K, committed 6336K, reserved 1048576K
}
Event: 17.268 GC heap before
{Heap before GC invocations=68 (full 2):
 PSYoungGen      total 15872K, used 15295K [0x00000000d5580000, 0x00000000d6680000, 0x0000000100000000)
  eden space 14336K, 99% used [0x00000000d5580000,0x00000000d637ffe8,0x00000000d6380000)
  from space 1536K, 62% used [0x00000000d6380000,0x00000000d6470000,0x00000000d6500000)
  to   space 1536K, 0% used [0x00000000d6500000,0x00000000d6500000,0x00000000d6680000)
 ParOldGen       total 76800K, used 76592K [0x0000000080000000, 0x0000000084b00000, 0x00000000d5580000)
  object space 76800K, 99% used [0x0000000080000000,0x0000000084acc148,0x0000000084b00000)
 Metaspace       used 54918K, committed 56384K, reserved 1114112K
  class space    used 5863K, committed 6464K, reserved 1048576K
}
Event: 17.269 GC heap after
{Heap after GC invocations=68 (full 2):
 PSYoungGen      total 15360K, used 896K [0x00000000d5580000, 0x00000000d6600000, 0x0000000100000000)
  eden space 14336K, 0% used [0x00000000d5580000,0x00000000d5580000,0x00000000d6380000)
  from space 1024K, 87% used [0x00000000d6500000,0x00000000d65e0000,0x00000000d6600000)
  to   space 1024K, 0% used [0x00000000d6400000,0x00000000d6400000,0x00000000d6500000)
 ParOldGen       total 77824K, used 77368K [0x0000000080000000, 0x0000000084c00000, 0x00000000d5580000)
  object space 77824K, 99% used [0x0000000080000000,0x0000000084b8e158,0x0000000084c00000)
 Metaspace       used 54918K, committed 56384K, reserved 1114112K
  class space    used 5863K, committed 6464K, reserved 1048576K
}
Event: 17.449 GC heap before
{Heap before GC invocations=69 (full 2):
 PSYoungGen      total 15360K, used 15232K [0x00000000d5580000, 0x00000000d6600000, 0x0000000100000000)
  eden space 14336K, 100% used [0x00000000d5580000,0x00000000d6380000,0x00000000d6380000)
  from space 1024K, 87% used [0x00000000d6500000,0x00000000d65e0000,0x00000000d6600000)
  to   space 1024K, 0% used [0x00000000d6400000,0x00000000d6400000,0x00000000d6500000)
 ParOldGen       total 77824K, used 77368K [0x0000000080000000, 0x0000000084c00000, 0x00000000d5580000)
  object space 77824K, 99% used [0x0000000080000000,0x0000000084b8e158,0x0000000084c00000)
 Metaspace       used 55856K, committed 57408K, reserved 1114112K
  class space    used 5990K, committed 6656K, reserved 1048576K
}
Event: 17.451 GC heap after
{Heap after GC invocations=69 (full 2):
 PSYoungGen      total 15360K, used 555K [0x00000000d5580000, 0x00000000d6580000, 0x0000000100000000)
  eden space 14336K, 0% used [0x00000000d5580000,0x00000000d5580000,0x00000000d6380000)
  from space 1024K, 54% used [0x00000000d6400000,0x00000000d648ae68,0x00000000d6500000)
  to   space 512K, 0% used [0x00000000d6500000,0x00000000d6500000,0x00000000d6580000)
 ParOldGen       total 78336K, used 78111K [0x0000000080000000, 0x0000000084c80000, 0x00000000d5580000)
  object space 78336K, 99% used [0x0000000080000000,0x0000000084c47e48,0x0000000084c80000)
 Metaspace       used 55856K, committed 57408K, reserved 1114112K
  class space    used 5990K, committed 6656K, reserved 1048576K
}
Event: 17.655 GC heap before
{Heap before GC invocations=70 (full 2):
 PSYoungGen      total 15360K, used 14891K [0x00000000d5580000, 0x00000000d6580000, 0x0000000100000000)
  eden space 14336K, 100% used [0x00000000d5580000,0x00000000d6380000,0x00000000d6380000)
  from space 1024K, 54% used [0x00000000d6400000,0x00000000d648ae68,0x00000000d6500000)
  to   space 512K, 0% used [0x00000000d6500000,0x00000000d6500000,0x00000000d6580000)
 ParOldGen       total 78336K, used 78111K [0x0000000080000000, 0x0000000084c80000, 0x00000000d5580000)
  object space 78336K, 99% used [0x0000000080000000,0x0000000084c47e48,0x0000000084c80000)
 Metaspace       used 56242K, committed 57792K, reserved 1114112K
  class space    used 6053K, committed 6720K, reserved 1048576K
}
Event: 17.657 GC heap after
{Heap after GC invocations=70 (full 2):
 PSYoungGen      total 14848K, used 480K [0x00000000d5580000, 0x00000000d6580000, 0x0000000100000000)
  eden space 14336K, 0% used [0x00000000d5580000,0x00000000d5580000,0x00000000d6380000)
  from space 512K, 93% used [0x00000000d6500000,0x00000000d6578020,0x00000000d6580000)
  to   space 1024K, 0% used [0x00000000d6380000,0x00000000d6380000,0x00000000d6480000)
 ParOldGen       total 78848K, used 78534K [0x0000000080000000, 0x0000000084d00000, 0x00000000d5580000)
  object space 78848K, 99% used [0x0000000080000000,0x0000000084cb1bd8,0x0000000084d00000)
 Metaspace       used 56242K, committed 57792K, reserved 1114112K
  class space    used 6053K, committed 6720K, reserved 1048576K
}
Event: 18.091 GC heap before
{Heap before GC invocations=71 (full 2):
 PSYoungGen      total 14848K, used 14771K [0x00000000d5580000, 0x00000000d6580000, 0x0000000100000000)
  eden space 14336K, 99% used [0x00000000d5580000,0x00000000d6374c08,0x00000000d6380000)
  from space 512K, 93% used [0x00000000d6500000,0x00000000d6578020,0x00000000d6580000)
  to   space 1024K, 0% used [0x00000000d6380000,0x00000000d6380000,0x00000000d6480000)
 ParOldGen       total 78848K, used 78534K [0x0000000080000000, 0x0000000084d00000, 0x00000000d5580000)
  object space 78848K, 99% used [0x0000000080000000,0x0000000084cb1bd8,0x0000000084d00000)
 Metaspace       used 56848K, committed 58368K, reserved 1114112K
  class space    used 6101K, committed 6784K, reserved 1048576K
}
Event: 18.093 GC heap after
{Heap after GC invocations=71 (full 2):
 PSYoungGen      total 15360K, used 320K [0x00000000d5580000, 0x00000000d6580000, 0x0000000100000000)
  eden space 14336K, 0% used [0x00000000d5580000,0x00000000d5580000,0x00000000d6380000)
  from space 1024K, 31% used [0x00000000d6380000,0x00000000d63d0000,0x00000000d6480000)
  to   space 1024K, 0% used [0x00000000d6480000,0x00000000d6480000,0x00000000d6580000)
 ParOldGen       total 79360K, used 78923K [0x0000000080000000, 0x0000000084d80000, 0x00000000d5580000)
  object space 79360K, 99% used [0x0000000080000000,0x0000000084d12c08,0x0000000084d80000)
 Metaspace       used 56848K, committed 58368K, reserved 1114112K
  class space    used 6101K, committed 6784K, reserved 1048576K
}
Event: 18.390 GC heap before
{Heap before GC invocations=72 (full 2):
 PSYoungGen      total 15360K, used 14656K [0x00000000d5580000, 0x00000000d6580000, 0x0000000100000000)
  eden space 14336K, 100% used [0x00000000d5580000,0x00000000d6380000,0x00000000d6380000)
  from space 1024K, 31% used [0x00000000d6380000,0x00000000d63d0000,0x00000000d6480000)
  to   space 1024K, 0% used [0x00000000d6480000,0x00000000d6480000,0x00000000d6580000)
 ParOldGen       total 79360K, used 78923K [0x0000000080000000, 0x0000000084d80000, 0x00000000d5580000)
  object space 79360K, 99% used [0x0000000080000000,0x0000000084d12c08,0x0000000084d80000)
 Metaspace       used 57766K, committed 59264K, reserved 1114112K
  class space    used 6194K, committed 6848K, reserved 1048576K
}
Event: 18.391 GC heap after
{Heap after GC invocations=72 (full 2):
 PSYoungGen      total 14848K, used 320K [0x00000000d5580000, 0x00000000d6500000, 0x0000000100000000)
  eden space 14336K, 0% used [0x00000000d5580000,0x00000000d5580000,0x00000000d6380000)
  from space 512K, 62% used [0x00000000d6480000,0x00000000d64d0000,0x00000000d6500000)
  to   space 512K, 0% used [0x00000000d6400000,0x00000000d6400000,0x00000000d6480000)
 ParOldGen       total 79360K, used 79075K [0x0000000080000000, 0x0000000084d80000, 0x00000000d5580000)
  object space 79360K, 99% used [0x0000000080000000,0x0000000084d38c08,0x0000000084d80000)
 Metaspace       used 57766K, committed 59264K, reserved 1114112K
  class space    used 6194K, committed 6848K, reserved 1048576K
}
Event: 18.555 GC heap before
{Heap before GC invocations=73 (full 2):
 PSYoungGen      total 14848K, used 5607K [0x00000000d5580000, 0x00000000d6500000, 0x0000000100000000)
  eden space 14336K, 36% used [0x00000000d5580000,0x00000000d5aa9c40,0x00000000d6380000)
  from space 512K, 62% used [0x00000000d6480000,0x00000000d64d0000,0x00000000d6500000)
  to   space 512K, 0% used [0x00000000d6400000,0x00000000d6400000,0x00000000d6480000)
 ParOldGen       total 79360K, used 79075K [0x0000000080000000, 0x0000000084d80000, 0x00000000d5580000)
  object space 79360K, 99% used [0x0000000080000000,0x0000000084d38c08,0x0000000084d80000)
 Metaspace       used 58298K, committed 59776K, reserved 1114112K
  class space    used 6247K, committed 6912K, reserved 1048576K
}
Event: 18.558 GC heap after
{Heap after GC invocations=73 (full 2):
 PSYoungGen      total 14848K, used 486K [0x00000000d5580000, 0x00000000d6680000, 0x0000000100000000)
  eden space 14336K, 0% used [0x00000000d5580000,0x00000000d5580000,0x00000000d6380000)
  from space 512K, 95% used [0x00000000d6400000,0x00000000d6479aa8,0x00000000d6480000)
  to   space 1536K, 0% used [0x00000000d6500000,0x00000000d6500000,0x00000000d6680000)
 ParOldGen       total 79872K, used 79840K [0x0000000080000000, 0x0000000084e00000, 0x00000000d5580000)
  object space 79872K, 99% used [0x0000000080000000,0x0000000084df80d0,0x0000000084e00000)
 Metaspace       used 58298K, committed 59776K, reserved 1114112K
  class space    used 6247K, committed 6912K, reserved 1048576K
}
Event: 18.558 GC heap before
{Heap before GC invocations=74 (full 3):
 PSYoungGen      total 14848K, used 486K [0x00000000d5580000, 0x00000000d6680000, 0x0000000100000000)
  eden space 14336K, 0% used [0x00000000d5580000,0x00000000d5580000,0x00000000d6380000)
  from space 512K, 95% used [0x00000000d6400000,0x00000000d6479aa8,0x00000000d6480000)
  to   space 1536K, 0% used [0x00000000d6500000,0x00000000d6500000,0x00000000d6680000)
 ParOldGen       total 79872K, used 79840K [0x0000000080000000, 0x0000000084e00000, 0x00000000d5580000)
  object space 79872K, 99% used [0x0000000080000000,0x0000000084df80d0,0x0000000084e00000)
 Metaspace       used 58298K, committed 59776K, reserved 1114112K
  class space    used 6247K, committed 6912K, reserved 1048576K
}
Event: 18.650 GC heap after
{Heap after GC invocations=74 (full 3):
 PSYoungGen      total 14848K, used 0K [0x00000000d5580000, 0x00000000d6680000, 0x0000000100000000)
  eden space 14336K, 0% used [0x00000000d5580000,0x00000000d5580000,0x00000000d6380000)
  from space 512K, 0% used [0x00000000d6400000,0x00000000d6400000,0x00000000d6480000)
  to   space 1536K, 0% used [0x00000000d6500000,0x00000000d6500000,0x00000000d6680000)
 ParOldGen       total 79872K, used 64005K [0x0000000080000000, 0x0000000084e00000, 0x00000000d5580000)
  object space 79872K, 80% used [0x0000000080000000,0x0000000083e81508,0x0000000084e00000)
 Metaspace       used 58295K, committed 59776K, reserved 1114112K
  class space    used 6246K, committed 6912K, reserved 1048576K
}
Event: 418.301 GC heap before
{Heap before GC invocations=75 (full 3):
 PSYoungGen      total 14848K, used 14336K [0x00000000d5580000, 0x00000000d6680000, 0x0000000100000000)
  eden space 14336K, 100% used [0x00000000d5580000,0x00000000d6380000,0x00000000d6380000)
  from space 512K, 0% used [0x00000000d6400000,0x00000000d6400000,0x00000000d6480000)
  to   space 1536K, 0% used [0x00000000d6500000,0x00000000d6500000,0x00000000d6680000)
 ParOldGen       total 79872K, used 64005K [0x0000000080000000, 0x0000000084e00000, 0x00000000d5580000)
  object space 79872K, 80% used [0x0000000080000000,0x0000000083e81508,0x0000000084e00000)
 Metaspace       used 59147K, committed 60672K, reserved 1114112K
  class space    used 6358K, committed 7040K, reserved 1048576K
}
Event: 419.313 GC heap after
{Heap after GC invocations=75 (full 3):
 PSYoungGen      total 15360K, used 660K [0x00000000d5580000, 0x00000000d6600000, 0x0000000100000000)
  eden space 14336K, 0% used [0x00000000d5580000,0x00000000d5580000,0x00000000d6380000)
  from space 1024K, 64% used [0x00000000d6500000,0x00000000d65a5220,0x00000000d6600000)
  to   space 1024K, 0% used [0x00000000d6400000,0x00000000d6400000,0x00000000d6500000)
 ParOldGen       total 79872K, used 64013K [0x0000000080000000, 0x0000000084e00000, 0x00000000d5580000)
  object space 79872K, 80% used [0x0000000080000000,0x0000000083e83508,0x0000000084e00000)
 Metaspace       used 59147K, committed 60672K, reserved 1114112K
  class space    used 6358K, committed 7040K, reserved 1048576K
}

