# JRE version: OpenJDK Runtime Environment Temurin-21.0.10+7 (21.0.10+7) (build 21.0.10+7-LTS)
# Java VM: OpenJDK 64-Bit Server VM Temurin-21.0.10+7 (21.0.10+7-LTS, mixed mode, sharing, tiered, compressed oops, compressed class ptrs, parallel gc, windows-amd64)
GC Precious Log:
 CardTable entry size: 512
 CPUs: 8 total, 8 available
 Memory: 7975M
 Large Page Support: Disabled
 NUMA Support: Disabled
 Compressed Oops: Enabled (32-bit)
 Alignments: Space 512K, Generation 512K, Heap 2M
 Heap Min Capacity: 100M
 Heap Initial Capacity: 100M
 Heap Max Capacity: 2G
 Pre-touch: Disabled
 Parallel Workers: 8
Heap:
 PSYoungGen      total 9216K, used 4535K [0x00000000d5580000, 0x00000000d6000000, 0x0000000100000000)
  eden space 8704K, 49% used [0x00000000d5580000,0x00000000d59adff8,0x00000000d5e00000)
  from space 512K, 50% used [0x00000000d5e00000,0x00000000d5e40000,0x00000000d5e80000)
  to   space 1024K, 0% used [0x00000000d5f00000,0x00000000d5f00000,0x00000000d6000000)
 ParOldGen       total 77312K, used 68869K [0x0000000080000000, 0x0000000084b80000, 0x00000000d5580000)
  object space 77312K, 89% used [0x0000000080000000,0x00000000843414d8,0x0000000084b80000)
 Metaspace       used 63883K, committed 65280K, reserved 1114112K
  class space    used 6924K, committed 7488K, reserved 1048576K
GC Heap History (20 events):
Event: 34.608 GC heap before
{Heap before GC invocations=103 (full 3):
 PSYoungGen      total 9728K, used 9600K [0x00000000d5580000, 0x00000000d6000000, 0x0000000100000000)
  eden space 9216K, 100% used [0x00000000d5580000,0x00000000d5e80000,0x00000000d5e80000)
  from space 512K, 75% used [0x00000000d5f00000,0x00000000d5f60000,0x00000000d5f80000)
  to   space 512K, 0% used [0x00000000d5f80000,0x00000000d5f80000,0x00000000d6000000)
 ParOldGen       total 77312K, used 64660K [0x0000000080000000, 0x0000000084b80000, 0x00000000d5580000)
  object space 77312K, 83% used [0x0000000080000000,0x0000000083f251f8,0x0000000084b80000)
 Metaspace       used 58803K, committed 60224K, reserved 1114112K
  class space    used 6339K, committed 6912K, reserved 1048576K
}
Event: 34.609 GC heap after
{Heap after GC invocations=103 (full 3):
 PSYoungGen      total 9728K, used 352K [0x00000000d5580000, 0x00000000d6000000, 0x0000000100000000)
  eden space 9216K, 0% used [0x00000000d5580000,0x00000000d5580000,0x00000000d5e80000)
  from space 512K, 68% used [0x00000000d5f80000,0x00000000d5fd8000,0x00000000d6000000)
  to   space 512K, 0% used [0x00000000d5f00000,0x00000000d5f00000,0x00000000d5f80000)
 ParOldGen       total 77312K, used 64892K [0x0000000080000000, 0x0000000084b80000, 0x00000000d5580000)
  object space 77312K, 83% used [0x0000000080000000,0x0000000083f5f1f8,0x0000000084b80000)
 Metaspace       used 58803K, committed 60224K, reserved 1114112K
  class space    used 6339K, committed 6912K, reserved 1048576K
}
Event: 34.653 GC heap before
{Heap before GC invocations=104 (full 3):
 PSYoungGen      total 9728K, used 9568K [0x00000000d5580000, 0x00000000d6000000, 0x0000000100000000)
  eden space 9216K, 100% used [0x00000000d5580000,0x00000000d5e80000,0x00000000d5e80000)
  from space 512K, 68% used [0x00000000d5f80000,0x00000000d5fd8000,0x00000000d6000000)
  to   space 512K, 0% used [0x00000000d5f00000,0x00000000d5f00000,0x00000000d5f80000)
 ParOldGen       total 77312K, used 64892K [0x0000000080000000, 0x0000000084b80000, 0x00000000d5580000)
  object space 77312K, 83% used [0x0000000080000000,0x0000000083f5f1f8,0x0000000084b80000)
 Metaspace       used 58931K, committed 60352K, reserved 1114112K
  class space    used 6351K, committed 6912K, reserved 1048576K
}
Event: 34.656 GC heap after
{Heap after GC invocations=104 (full 3):
 PSYoungGen      total 9728K, used 512K [0x00000000d5580000, 0x00000000d6180000, 0x0000000100000000)
  eden space 9216K, 0% used [0x00000000d5580000,0x00000000d5580000,0x00000000d5e80000)
  from space 512K, 100% used [0x00000000d5f00000,0x00000000d5f80000,0x00000000d5f80000)
  to   space 1536K, 0% used [0x00000000d6000000,0x00000000d6000000,0x00000000d6180000)
 ParOldGen       total 77312K, used 65340K [0x0000000080000000, 0x0000000084b80000, 0x00000000d5580000)
  object space 77312K, 84% used [0x0000000080000000,0x0000000083fcf1f8,0x0000000084b80000)
 Metaspace       used 58931K, committed 60352K, reserved 1114112K
  class space    used 6351K, committed 6912K, reserved 1048576K
}
Event: 34.685 GC heap before
{Heap before GC invocations=105 (full 3):
 PSYoungGen      total 9728K, used 9728K [0x00000000d5580000, 0x00000000d6180000, 0x0000000100000000)
  eden space 9216K, 100% used [0x00000000d5580000,0x00000000d5e80000,0x00000000d5e80000)
  from space 512K, 100% used [0x00000000d5f00000,0x00000000d5f80000,0x00000000d5f80000)
  to   space 1536K, 0% used [0x00000000d6000000,0x00000000d6000000,0x00000000d6180000)
 ParOldGen       total 77312K, used 65340K [0x0000000080000000, 0x0000000084b80000, 0x00000000d5580000)
  object space 77312K, 84% used [0x0000000080000000,0x0000000083fcf1f8,0x0000000084b80000)
 Metaspace       used 58932K, committed 60352K, reserved 1114112K
  class space    used 6351K, committed 6912K, reserved 1048576K
}
Event: 34.687 GC heap after
{Heap after GC invocations=105 (full 3):
 PSYoungGen      total 10240K, used 704K [0x00000000d5580000, 0x00000000d6100000, 0x0000000100000000)
  eden space 9216K, 0% used [0x00000000d5580000,0x00000000d5580000,0x00000000d5e80000)
  from space 1024K, 68% used [0x00000000d6000000,0x00000000d60b0000,0x00000000d6100000)
  to   space 1024K, 0% used [0x00000000d5f00000,0x00000000d5f00000,0x00000000d6000000)
 ParOldGen       total 77312K, used 65852K [0x0000000080000000, 0x0000000084b80000, 0x00000000d5580000)
  object space 77312K, 85% used [0x0000000080000000,0x000000008404f1f8,0x0000000084b80000)
 Metaspace       used 58932K, committed 60352K, reserved 1114112K
  class space    used 6351K, committed 6912K, reserved 1048576K
}
Event: 34.922 GC heap before
{Heap before GC invocations=106 (full 3):
 PSYoungGen      total 10240K, used 9920K [0x00000000d5580000, 0x00000000d6100000, 0x0000000100000000)
  eden space 9216K, 100% used [0x00000000d5580000,0x00000000d5e80000,0x00000000d5e80000)
  from space 1024K, 68% used [0x00000000d6000000,0x00000000d60b0000,0x00000000d6100000)
  to   space 1024K, 0% used [0x00000000d5f00000,0x00000000d5f00000,0x00000000d6000000)
 ParOldGen       total 77312K, used 65852K [0x0000000080000000, 0x0000000084b80000, 0x00000000d5580000)
  object space 77312K, 85% used [0x0000000080000000,0x000000008404f1f8,0x0000000084b80000)
 Metaspace       used 59672K, committed 61056K, reserved 1114112K
  class space    used 6407K, committed 6976K, reserved 1048576K
}
Event: 34.923 GC heap after
{Heap after GC invocations=106 (full 3):
 PSYoungGen      total 10240K, used 704K [0x00000000d5580000, 0x00000000d6080000, 0x0000000100000000)
  eden space 9216K, 0% used [0x00000000d5580000,0x00000000d5580000,0x00000000d5e80000)
  from space 1024K, 68% used [0x00000000d5f00000,0x00000000d5fb0000,0x00000000d6000000)
  to   space 512K, 0% used [0x00000000d6000000,0x00000000d6000000,0x00000000d6080000)
 ParOldGen       total 77312K, used 66428K [0x0000000080000000, 0x0000000084b80000, 0x00000000d5580000)
  object space 77312K, 85% used [0x0000000080000000,0x00000000840df208,0x0000000084b80000)
 Metaspace       used 59672K, committed 61056K, reserved 1114112K
  class space    used 6407K, committed 6976K, reserved 1048576K
}
Event: 35.056 GC heap before
{Heap before GC invocations=107 (full 3):
 PSYoungGen      total 10240K, used 9920K [0x00000000d5580000, 0x00000000d6080000, 0x0000000100000000)
  eden space 9216K, 100% used [0x00000000d5580000,0x00000000d5e80000,0x00000000d5e80000)
  from space 1024K, 68% used [0x00000000d5f00000,0x00000000d5fb0000,0x00000000d6000000)
  to   space 512K, 0% used [0x00000000d6000000,0x00000000d6000000,0x00000000d6080000)
 ParOldGen       total 77312K, used 66428K [0x0000000080000000, 0x0000000084b80000, 0x00000000d5580000)
  object space 77312K, 85% used [0x0000000080000000,0x00000000840df208,0x0000000084b80000)
 Metaspace       used 60862K, committed 62272K, reserved 1114112K
  class space    used 6579K, committed 7168K, reserved 1048576K
}
Event: 35.058 GC heap after
{Heap after GC invocations=107 (full 3):
 PSYoungGen      total 9728K, used 509K [0x00000000d5580000, 0x00000000d6180000, 0x0000000100000000)
  eden space 9216K, 0% used [0x00000000d5580000,0x00000000d5580000,0x00000000d5e80000)
  from space 512K, 99% used [0x00000000d6000000,0x00000000d607f700,0x00000000d6080000)
  to   space 1536K, 0% used [0x00000000d5e80000,0x00000000d5e80000,0x00000000d6000000)
 ParOldGen       total 77312K, used 66991K [0x0000000080000000, 0x0000000084b80000, 0x00000000d5580000)
  object space 77312K, 86% used [0x0000000080000000,0x000000008416bee8,0x0000000084b80000)
 Metaspace       used 60862K, committed 62272K, reserved 1114112K
  class space    used 6579K, committed 7168K, reserved 1048576K
}
Event: 35.153 GC heap before
{Heap before GC invocations=108 (full 3):
 PSYoungGen      total 9728K, used 9715K [0x00000000d5580000, 0x00000000d6180000, 0x0000000100000000)
  eden space 9216K, 99% used [0x00000000d5580000,0x00000000d5e7d730,0x00000000d5e80000)
  from space 512K, 99% used [0x00000000d6000000,0x00000000d607f700,0x00000000d6080000)
  to   space 1536K, 0% used [0x00000000d5e80000,0x00000000d5e80000,0x00000000d6000000)
 ParOldGen       total 77312K, used 66991K [0x0000000080000000, 0x0000000084b80000, 0x00000000d5580000)
  object space 77312K, 86% used [0x0000000080000000,0x000000008416bee8,0x0000000084b80000)
 Metaspace       used 61095K, committed 62464K, reserved 1114112K
  class space    used 6631K, committed 7232K, reserved 1048576K
}
Event: 35.155 GC heap after
{Heap after GC invocations=108 (full 3):
 PSYoungGen      total 9728K, used 224K [0x00000000d5580000, 0x00000000d6080000, 0x0000000100000000)
  eden space 9216K, 0% used [0x00000000d5580000,0x00000000d5580000,0x00000000d5e80000)
  from space 512K, 43% used [0x00000000d5e80000,0x00000000d5eb8000,0x00000000d5f00000)
  to   space 1024K, 0% used [0x00000000d5f80000,0x00000000d5f80000,0x00000000d6080000)
 ParOldGen       total 77312K, used 67406K [0x0000000080000000, 0x0000000084b80000, 0x00000000d5580000)
  object space 77312K, 87% used [0x0000000080000000,0x00000000841d3a30,0x0000000084b80000)
 Metaspace       used 61095K, committed 62464K, reserved 1114112K
  class space    used 6631K, committed 7232K, reserved 1048576K
}
Event: 35.321 GC heap before
{Heap before GC invocations=109 (full 3):
 PSYoungGen      total 9728K, used 9397K [0x00000000d5580000, 0x00000000d6080000, 0x0000000100000000)
  eden space 9216K, 99% used [0x00000000d5580000,0x00000000d5e755e8,0x00000000d5e80000)
  from space 512K, 43% used [0x00000000d5e80000,0x00000000d5eb8000,0x00000000d5f00000)
  to   space 1024K, 0% used [0x00000000d5f80000,0x00000000d5f80000,0x00000000d6080000)
 ParOldGen       total 77312K, used 67406K [0x0000000080000000, 0x0000000084b80000, 0x00000000d5580000)
  object space 77312K, 87% used [0x0000000080000000,0x00000000841d3a30,0x0000000084b80000)
 Metaspace       used 61647K, committed 63040K, reserved 1114112K
  class space    used 6679K, committed 7232K, reserved 1048576K
}
Event: 35.322 GC heap after
{Heap after GC invocations=109 (full 3):
 PSYoungGen      total 9728K, used 384K [0x00000000d5580000, 0x00000000d6000000, 0x0000000100000000)
  eden space 9216K, 0% used [0x00000000d5580000,0x00000000d5580000,0x00000000d5e80000)
  from space 512K, 75% used [0x00000000d5f80000,0x00000000d5fe0000,0x00000000d6000000)
  to   space 512K, 0% used [0x00000000d5e80000,0x00000000d5e80000,0x00000000d5f00000)
 ParOldGen       total 77312K, used 67470K [0x0000000080000000, 0x0000000084b80000, 0x00000000d5580000)
  object space 77312K, 87% used [0x0000000080000000,0x00000000841e3a30,0x0000000084b80000)
 Metaspace       used 61647K, committed 63040K, reserved 1114112K
  class space    used 6679K, committed 7232K, reserved 1048576K
}
Event: 35.399 GC heap before
{Heap before GC invocations=110 (full 3):
 PSYoungGen      total 9728K, used 9515K [0x00000000d5580000, 0x00000000d6000000, 0x0000000100000000)
  eden space 9216K, 99% used [0x00000000d5580000,0x00000000d5e6ad00,0x00000000d5e80000)
  from space 512K, 75% used [0x00000000d5f80000,0x00000000d5fe0000,0x00000000d6000000)
  to   space 512K, 0% used [0x00000000d5e80000,0x00000000d5e80000,0x00000000d5f00000)
 ParOldGen       total 77312K, used 67470K [0x0000000080000000, 0x0000000084b80000, 0x00000000d5580000)
  object space 77312K, 87% used [0x0000000080000000,0x00000000841e3a30,0x0000000084b80000)
 Metaspace       used 62064K, committed 63488K, reserved 1114112K
  class space    used 6730K, committed 7296K, reserved 1048576K
}
Event: 35.400 GC heap after
{Heap after GC invocations=110 (full 3):
 PSYoungGen      total 9728K, used 320K [0x00000000d5580000, 0x00000000d6000000, 0x0000000100000000)
  eden space 9216K, 0% used [0x00000000d5580000,0x00000000d5580000,0x00000000d5e80000)
  from space 512K, 62% used [0x00000000d5e80000,0x00000000d5ed0010,0x00000000d5f00000)
  to   space 512K, 0% used [0x00000000d5f80000,0x00000000d5f80000,0x00000000d6000000)
 ParOldGen       total 77312K, used 67670K [0x0000000080000000, 0x0000000084b80000, 0x00000000d5580000)
  object space 77312K, 87% used [0x0000000080000000,0x0000000084215a30,0x0000000084b80000)
 Metaspace       used 62064K, committed 63488K, reserved 1114112K
  class space    used 6730K, committed 7296K, reserved 1048576K
}
Event: 35.518 GC heap before
{Heap before GC invocations=111 (full 3):
 PSYoungGen      total 9728K, used 9536K [0x00000000d5580000, 0x00000000d6000000, 0x0000000100000000)
  eden space 9216K, 100% used [0x00000000d5580000,0x00000000d5e80000,0x00000000d5e80000)
  from space 512K, 62% used [0x00000000d5e80000,0x00000000d5ed0010,0x00000000d5f00000)
  to   space 512K, 0% used [0x00000000d5f80000,0x00000000d5f80000,0x00000000d6000000)
 ParOldGen       total 77312K, used 67670K [0x0000000080000000, 0x0000000084b80000, 0x00000000d5580000)
  object space 77312K, 87% used [0x0000000080000000,0x0000000084215a30,0x0000000084b80000)
 Metaspace       used 63166K, committed 64576K, reserved 1114112K
  class space    used 6828K, committed 7424K, reserved 1048576K
}
Event: 35.519 GC heap after
{Heap after GC invocations=111 (full 3):
 PSYoungGen      total 9216K, used 512K [0x00000000d5580000, 0x00000000d6180000, 0x0000000100000000)
  eden space 8704K, 0% used [0x00000000d5580000,0x00000000d5580000,0x00000000d5e00000)
  from space 512K, 100% used [0x00000000d5f80000,0x00000000d6000000,0x00000000d6000000)
  to   space 1536K, 0% used [0x00000000d5e00000,0x00000000d5e00000,0x00000000d5f80000)
 ParOldGen       total 77312K, used 68365K [0x0000000080000000, 0x0000000084b80000, 0x00000000d5580000)
  object space 77312K, 88% used [0x0000000080000000,0x00000000842c34d8,0x0000000084b80000)
 Metaspace       used 63166K, committed 64576K, reserved 1114112K
  class space    used 6828K, committed 7424K, reserved 1048576K
}
Event: 424.337 GC heap before
{Heap before GC invocations=112 (full 3):
 PSYoungGen      total 9216K, used 9210K [0x00000000d5580000, 0x00000000d6180000, 0x0000000100000000)
  eden space 8704K, 99% used [0x00000000d5580000,0x00000000d5dfea48,0x00000000d5e00000)
  from space 512K, 100% used [0x00000000d5f80000,0x00000000d6000000,0x00000000d6000000)
  to   space 1536K, 0% used [0x00000000d5e00000,0x00000000d5e00000,0x00000000d5f80000)
 ParOldGen       total 77312K, used 68365K [0x0000000080000000, 0x0000000084b80000, 0x00000000d5580000)
  object space 77312K, 88% used [0x0000000080000000,0x00000000842c34d8,0x0000000084b80000)
 Metaspace       used 63763K, committed 65152K, reserved 1114112K
  class space    used 6921K, committed 7488K, reserved 1048576K
}
Event: 424.386 GC heap after
{Heap after GC invocations=112 (full 3):
 PSYoungGen      total 9216K, used 256K [0x00000000d5580000, 0x00000000d6000000, 0x0000000100000000)
  eden space 8704K, 0% used [0x00000000d5580000,0x00000000d5580000,0x00000000d5e00000)
  from space 512K, 50% used [0x00000000d5e00000,0x00000000d5e40000,0x00000000d5e80000)
  to   space 1024K, 0% used [0x00000000d5f00000,0x00000000d5f00000,0x00000000d6000000)
 ParOldGen       total 77312K, used 68869K [0x0000000080000000, 0x0000000084b80000, 0x00000000d5580000)
  object space 77312K, 89% used [0x0000000080000000,0x00000000843414d8,0x0000000084b80000)
 Metaspace       used 63763K, committed 65152K, reserved 1114112K
  class space    used 6921K, committed 7488K, reserved 1048576K
}

